<?xml version="1.0" encoding="UTF-8"?>
<testsuite name="collection.CollectionTestSuite" tests="2" skipped="0" failures="0" errors="0" timestamp="2020-05-05T22:21:00" hostname="DESKTOP-G1G9RFQ" time="0.004">
  <properties/>
  <testcase name="testOddNumbersExterminatorEmptyList" classname="collection.CollectionTestSuite" time="0.003"/>
  <testcase name="testOddNumbersExterminatorNormalList" classname="collection.CollectionTestSuite" time="0.001"/>
  <system-out><![CDATA[Start the test
Testing empty list.
Odd numbers: 
End of test
Start the test
Odd numbers: 15, 29, 19, 
End of test
]]></system-out>
  <system-err><![CDATA[]]></system-err>
</testsuite>
